size-of-block
59796
275435
162254
142218
105940
39679
46057
451121
90121
9159
233154
49249
165825
138470
141473
138470
64610
138470
168730
138470
202898
138470
42811
180820
138470
79180
40346
138470
40346
86107
40346
86107
40346
81981
58412
22561
84776
30953
50561
196599
111598
165161
45024
69972
48042
305890
465390
157504
330752
49238
148191
36761
61203
198365
47319
283271
47319
99776
176522
39973
150554
142846
137233
46289
44254
214748
57845
67212
52065
150414
281221
143748
44271
11711
68280
131300
170372
566766
136537
42791
49738
143668
49417
105394
148085
131245
148085
131245
83282
148085
242891
57661
57298
114840
55159
21100
291973
328153
54427
50613
16995
113381
142663
181510
17227
237725
149892
60798
60655
102477
181239
15345
422829
568058
46705
72078
43192
265751
51918
91782
23771
72378
91782
72378
258637
91782
48886
91782
138114
91782
138114
132110
91782
145639
138872
91782
52413
91782
52413
70096
62914
53860
46205
81488
61599
165630
241814
154572
159183
304450
48671
38816
4482
86847
684362
364051
40702
147235
35062
166103
50980
148975
52386
149937
67582
172546
19356
91098
188300
180017
274525
57920
50246
83788
60293
63221
60293
63221
50422
46496
111066
55047
127245
241245
165317
76731
379128
626018
358701
626018
358701
51789
29757
212198
52150
50849
288715
50849
106924
50849
106924
118831
50849
118831
77246
23802
50849
62514
45288
297505
54450
93788
59295
39613
44623
258415
163457
45261
37443
97707
234122
52065
76684
654908
544992
168063
111323
56354
228732
56354
228732
140700
81406
142854
81406
142854
81406
10102
86618
81406
86618
81406
60706
55464
81406
55464
244776
61393
64651
61393
64651
54878
169773
166293
46229
213313
95313
43664
52926
62896
307840
63248
55246
117220
83983
71644
252856
378943
655090
156816
137016
90513
10657
137270
5099
132124
137270
296616
137270
131647
137270
150920
168425
56873
103724
45714
21771
85035
237458
207525
237458
207525
44770
69043
103254
116702
90752
43619
152177
79245
233161
92440
138456
733254
197836
216489
65191
190305
3809
137738
70241
239074
70241
168958
70241
12777
70241
256175
70241
86376
190879
49896
106281
115881
88048
105055
72120
419842
88764
81225
151985
77444
64776
150310
74021
92880
170512
153676
548077
200598
80725
55487
184019
201046
62783
86660
62783
160683
62783
87114
62783
166228
182183
132146
86828
205132
76045
81362
93195
95718
78061
79607
203482
314740
100763
85207
205871
191192
90853
399428
274925
67554
177576
86068
281252
45063
88571
85235
79303
63358
85235
63358
267851
85235
134894
85235
134894
54768
161723
97999
61556
85235
106311
263328
45852
270830
187839
90374
61372
85329
232914
75527
173547
147798
111477
70419
184499
185556
351355
28375
87043
272962
160655
66823
210268
88472
83195
88472
83701
54731
168155
194534
19808
143870
64700
75349
199922
82622
304177
143870
304177
47268
52540
127697
125183
64290
208325
190000
50986
274504
67299
595557
94492
62155
206313
64302
129345
257964
237301
171217
73364
171217
51876
59812
165010
57492
58893
179234
66253
135218
59002
159152
69117
58933
212397
50765
103186
183340
189633
56386
147181
12840
79049
37222
154590
397782
200397
170479
38929
97990
138505
175245
154103
229417
154103
229417
49622
63399
40045
69879
187610
44002
74040
252639
7693
206796
42560
95726
54227
153976
53714
112078
291659
76337
114814
215301
30941
43547
569229
154817
182043
152314
56490
176825
73646
197051
58338
197051
72437
185111
197051
185111
49305
197051
247498
73990
54033
73990
54033
63650
83148
152179
189291
45294
74699
148167
84841
56857
177710
138605
98441
179387
42929
249895
29553
172649
238542
545765
164626
57405
82120
31366
91546
49850
85066
49850
150873
49850
163857
71267
52555
188955
353867
117589
176118
18013
89487
22003
174902
133305
57608
156134
66444
252786
8192
119570
119367
206140
52708
160388
665715
41295
197093
41742
116508
83550
71726
66832
57799
66832
147042
66832
147042
66832
47100
66832
47100
66832
177237
66832
177237
66832
61896
66832
44284
66832
184099
66832
184099
47290
189849
155219
74779
45228
42780
112859
49946
36465
228904
238861
193924
47996
589794
246828
73727
12181
19909
231431
19754
28478
19754
28478
19754
161231
143584
161364
165398
386976
255723
45801
54289
56901
72056
34248
68987
186609
107605
192207
29241
196367
98221
76999
187878
57449
498217
560529
42067
46804
86440
18509
9158
264274
283015
190366
283015
35816
283015
35816
47098
283015
269250
49797
67839
202393
115115
21891
8569
187609
34335
28782
274695
251046
130883
251046
130883
133003
18731
115842
276170
169952
50167
236115
52246
452074
354536
94478
64812
43467
68344
369935
56783
53581
56783
53581
56783
220006
66600
13500
115026
79076
260406
79076
260406
145833
77465
88310
137161
100604
179830
62277
49974
173295
47919
297041
66033
519810
110192
62669
50750
39226
61934
45325
500846
83989
36357
64753
83989
36357
273244
39352
75569
69026
189121
199777
48614
60194
53173
94759
179643
177486
45160
92304
94483
75834
298373
173102
53835
99956
103746
321679
488036
37534
187781
52353
51394
55697
140362
206701
54909
206701
40855
37534
206701
189202
47753
84832
47753
84832
221950
57923
64740
201300
154355
192096
200064
85772
61490
56725
13905
349092
89983
61628
9556
129030
181329
524674
73661
56953
132240
331326
270232
331326
142890
200549
47352
57093
54292
47352
65023
103815
96561
79242
64134
61032
225024
57832
197984
190663
6059
126472
53699
60965
210368
49245
85338
46510
86962
66578
177963
257904
365151
23968
142944
192611
283034
137606
85363
33772
67299
33772
67299
33772
58688
67494
49809
55279
246499
43257
64280
57322
190135
183115
181946
72263
66447
117950
113385
70515
74605
164620
64350
60607
64350
60607
462843
48473
70546
147683
44311
46154
354861
208535
164964
208535
51304
208535
13216
208535
94150
208535
94817
208535
94817
43187
208535
43187
56203
59179
167812
58419
58301
165921
58301
165921
65909
26208
74897
362548
183398
52147
183398
52147
59885
52147
59885
16901
10303
67537
61063
324914
20073
631570
141966
53274
188919
142700
85823
87811
72934
158958
72934
196716
157862
87811
157862
72934
197334
72934
26404
196716
845710
72934
87811
72934
132010
87811
72934
35612
72934
35612
116388
171503
46374
149669
56685
208491
43510
63425
48134
237471
48311
42835
71684
45323
72544
265306
405451
50371
61172
39602
70868
42968
232782
44958
232782
77554
45926
75209
60896
74415
57576
65090
75209
65090
147959
178220
172422
84167
148058
71202
51920
54465
113743
187756
100182
38430
184558
8234
72963
352088
12594
72963
516998
55685
93109
118764
35935
78542
35935
89837
35935
89837
206440
35935
350556
35935
350556
35935
73114
35935
47834
35935
243800
19854
146634
149723
49592
50076
246395
54412
58007
68707
61568
77604
142661
55368
665199
68340
76593
15079
716935
82026
78004
72308
216913
65961
57413
190532
86462
190532
176640
190532
176640
190532
672001
67509
50290
161525
206833
66155
55932
117810
64811
68498
64026
68655
22715
260286
9230
339951
249765
45989
59312
66338
53971
589317
59480
150599
72492
126563
65608
86942
40415
45086
40415
154986
40415
63249
50698
326957
53542
136832
48878
31333
150683
282046
47121
54555
314232
55966
82467
50324
147530
50033
195026
234759
345898
73975
349343
56134
248061
59108
49523
43416
188890
43416
10454
43416
230537
131472
43416
131472
43416
153539
163743
58084
19246
110186
169492
67746
49946
67746
49946
154850
177917
50827
148962
59023
58201
279286
87390
101646
87390
101646
54075
141885
54075
141885
493378
279286
271902
178149
142366
38800
48846
177507
150228
151209
150228
56467
150228
54169
150228
225277
150228
60541
150228
60541
64702
55408
12296
140339
320265
52873
259366
60246
89395
34240
143217
34443
226811
86845
172567
61084
42922
473452
177848
47841
204843
40194
119735
66397
176504
161501
192584
81539
39712
73518
57368
190872
179398
151093
43146
191476
43146
191476
27845
80794
122834
129556
156970
68968
94215
269285
51333
65457
60317
34067
541756
148109
55344
176664
30521
166135
51755
52662
70608
52662
42493
52662
53795
48953
19403
104714
176529
267062
357496
106198
68815
17963
169967
51714
146229
135177
74625
104905
40239
77266
50839
112801
64061
18600
307946
588211
199381
164480
45228
131920
14462
102950
14462
109014
45878
14462
74527
60738
14462
18019
14462
18019
14462
188756
14462
188756
112116
68325
195229
199331
50305
18072
223447
207893
110292
203218
68620
47244
65097
42867
38551
290839
305850
439665
34814
39098
36892
72059
14909
117414
47508
58459
47508
58459
47508
61360
47508
15435
207543
294680
75026
161240
53688
7701
171492
81213
190373
83924
63003
95083
81928
35908
263980
9714
175892
153916
87154
15221
657450
221908
38806
69037
139862
54317
125023
55711
125023
45907
125023
45907
91329
264510
8154
172385
39216
177000
51475
81146
170863
103355
77363
50993
109346
121166
70586
56202
73512
54158
292053
36726
120852
572591
50088
23061
116579
93732
140988
52984
123359
83225
46435
50399
43918
192757
59959
76386
287025
64993
73907
52333
70759
194605
70759
194605
52884
34363
111338
144160
138835
259105
911060
688995
22608
610806
174049
93489
139914
40235
50847
47025
41696
247265
41696
58769
165566
41696
165566
39287
41696
39287
41696
81882
41696
81882
156858
45862
144037
21063
278991
255612
78140
35893
33733
81520
157066
12633
213063
43447
312935
79582
48530
143568
368920
407353
173506
14006
123737
14006
123737
43990
52991
146159
14859
146159
36924
146159
142002
146159
51625
114790
226302
54750
187860
55112
51792
158740
71955
158141
47715
145148
68144
52521
129055
130616
59921
704919
147210
61036
69212
48036
193635
41829
130741
72519
230056
72519
230056
72519
64729
72519
54209
72519
147209
72519
71180
40772
